0 info it worked if it ends with ok
1 verbose cli [ 'node', '/usr/local/bin/npm', 'install', '-g', 'csvtojson' ]
2 info using npm@1.4.28
3 info using node@v0.10.34
4 verbose cache add [ 'csvtojson', null ]
5 verbose cache add name=undefined spec="csvtojson" args=["csvtojson",null]
6 verbose parsed url { protocol: null,
6 verbose parsed url   slashes: null,
6 verbose parsed url   auth: null,
6 verbose parsed url   host: null,
6 verbose parsed url   port: null,
6 verbose parsed url   hostname: null,
6 verbose parsed url   hash: null,
6 verbose parsed url   search: null,
6 verbose parsed url   query: null,
6 verbose parsed url   pathname: 'csvtojson',
6 verbose parsed url   path: 'csvtojson',
6 verbose parsed url   href: 'csvtojson' }
7 silly lockFile 7872aa3f-csvtojson csvtojson
8 verbose lock csvtojson /Users/paul/.npm/7872aa3f-csvtojson.lock
9 silly lockFile 7872aa3f-csvtojson csvtojson
10 silly lockFile 7872aa3f-csvtojson csvtojson
11 verbose addNamed [ 'csvtojson', '' ]
12 verbose addNamed [ null, '*' ]
13 silly lockFile 8bab375e-csvtojson csvtojson@
14 verbose lock csvtojson@ /Users/paul/.npm/8bab375e-csvtojson.lock
15 silly addNameRange { name: 'csvtojson', range: '*', hasData: false }
16 verbose request where is /csvtojson
17 verbose request registry https://registry.npmjs.org/
18 verbose request id 2281569fae0fb284
19 verbose url raw /csvtojson
20 verbose url resolving [ 'https://registry.npmjs.org/', './csvtojson' ]
21 verbose url resolved https://registry.npmjs.org/csvtojson
22 verbose request where is https://registry.npmjs.org/csvtojson
23 info trying registry request attempt 1 at 09:57:52
24 verbose etag "2OHT6B3Y3L8UX21AKVBWZ46H3"
25 http GET https://registry.npmjs.org/csvtojson
26 http 304 https://registry.npmjs.org/csvtojson
27 silly registry.get cb [ 304,
27 silly registry.get   { date: 'Wed, 18 Nov 2015 15:57:51 GMT',
27 silly registry.get     via: '1.1 varnish',
27 silly registry.get     'cache-control': 'max-age=60',
27 silly registry.get     etag: '"2OHT6B3Y3L8UX21AKVBWZ46H3"',
27 silly registry.get     age: '23',
27 silly registry.get     connection: 'keep-alive',
27 silly registry.get     'x-served-by': 'cache-atl6233-ATL',
27 silly registry.get     'x-cache': 'HIT',
27 silly registry.get     'x-cache-hits': '1',
27 silly registry.get     'x-timer': 'S1447862271.006463,VS0,VE0',
27 silly registry.get     vary: 'Accept' } ]
28 verbose etag https://registry.npmjs.org/csvtojson from cache
29 silly addNameRange number 2 { name: 'csvtojson', range: '*', hasData: true }
30 silly addNameRange versions [ 'csvtojson',
30 silly addNameRange   [ '0.1.0',
30 silly addNameRange     '0.1.1',
30 silly addNameRange     '0.1.2',
30 silly addNameRange     '0.1.3',
30 silly addNameRange     '0.1.4',
30 silly addNameRange     '0.1.5',
30 silly addNameRange     '0.1.6',
30 silly addNameRange     '0.1.7',
30 silly addNameRange     '0.2.0',
30 silly addNameRange     '0.2.1',
30 silly addNameRange     '0.2.2',
30 silly addNameRange     '0.3.0',
30 silly addNameRange     '0.3.1',
30 silly addNameRange     '0.3.2',
30 silly addNameRange     '0.3.3',
30 silly addNameRange     '0.3.4',
30 silly addNameRange     '0.3.5',
30 silly addNameRange     '0.3.6',
30 silly addNameRange     '0.3.7',
30 silly addNameRange     '0.3.8',
30 silly addNameRange     '0.3.9',
30 silly addNameRange     '0.3.10',
30 silly addNameRange     '0.3.11',
30 silly addNameRange     '0.3.12',
30 silly addNameRange     '0.3.13',
30 silly addNameRange     '0.3.14',
30 silly addNameRange     '0.3.15',
30 silly addNameRange     '0.3.16',
30 silly addNameRange     '0.3.17',
30 silly addNameRange     '0.3.18',
30 silly addNameRange     '0.3.19',
30 silly addNameRange     '0.3.20',
30 silly addNameRange     '0.3.21',
30 silly addNameRange     '0.4.0',
30 silly addNameRange     '0.4.1',
30 silly addNameRange     '0.4.2',
30 silly addNameRange     '0.4.3',
30 silly addNameRange     '0.4.4',
30 silly addNameRange     '0.4.5' ] ]
31 verbose addNamed [ 'csvtojson', '0.4.5' ]
32 verbose addNamed [ '0.4.5', '0.4.5' ]
33 silly lockFile 421b5cdc-csvtojson-0-4-5 csvtojson@0.4.5
34 verbose lock csvtojson@0.4.5 /Users/paul/.npm/421b5cdc-csvtojson-0-4-5.lock
35 silly lockFile 421b5cdc-csvtojson-0-4-5 csvtojson@0.4.5
36 silly lockFile 421b5cdc-csvtojson-0-4-5 csvtojson@0.4.5
37 silly lockFile 8bab375e-csvtojson csvtojson@
38 silly lockFile 8bab375e-csvtojson csvtojson@
39 silly resolved [ { name: 'csvtojson',
39 silly resolved     description: 'A tool concentrating on converting csv data to JSON with customised parser supporting',
39 silly resolved     author: { name: 'Keyang Xiang', email: 'keyang.xiang@gmail.com' },
39 silly resolved     homepage: 'http://keyangxiang.com/blog/csv2json/',
39 silly resolved     bugs: { url: 'https://github.com/Keyang/node-csvtojson/issues' },
39 silly resolved     repository:
39 silly resolved      { type: 'git',
39 silly resolved        url: 'https://github.com/Keyang/node-csvtojson.git' },
39 silly resolved     contributors: [ [Object], [Object] ],
39 silly resolved     version: '0.4.5',
39 silly resolved     keywords: [ 'csv', 'json', 'convert', 'parser', 'exntendible', 'plugin' ],
39 silly resolved     bin: { csvtojson: './bin/csvtojson' },
39 silly resolved     license: [ [Object] ],
39 silly resolved     engines: { node: '>=0.10' },
39 silly resolved     devDependencies:
39 silly resolved      { grunt: '^0.4.5',
39 silly resolved        'grunt-contrib-jshint': '^0.11.2',
39 silly resolved        'grunt-contrib-uglify': '^0.9.1',
39 silly resolved        'grunt-contrib-watch': '^0.6.1',
39 silly resolved        'grunt-git': '^0.3.5',
39 silly resolved        'grunt-madge': '0.0.6',
39 silly resolved        'grunt-mocha-test': '^0.12.7',
39 silly resolved        'grunt-newer': '^1.1.0',
39 silly resolved        imgur: '^0.1.5',
39 silly resolved        mocha: '^2.2.5' },
39 silly resolved     dependencies: { async: '^1.2.1', underscore: '^1.8.3' },
39 silly resolved     gitHead: '16ba2237e0bd96d6e3773e4c4d6e36c70efa620e',
39 silly resolved     _id: 'csvtojson@0.4.5',
39 silly resolved     scripts: {},
39 silly resolved     _shasum: '9b211ee7460aefb4db349c00e13063f9a3e4f980',
39 silly resolved     _from: 'csvtojson@',
39 silly resolved     _npmVersion: '2.9.1',
39 silly resolved     _nodeVersion: '0.12.3',
39 silly resolved     _npmUser: { name: 'keyang', email: 'keyang.xiang@gmail.com' },
39 silly resolved     maintainers: [ [Object] ],
39 silly resolved     dist:
39 silly resolved      { shasum: '9b211ee7460aefb4db349c00e13063f9a3e4f980',
39 silly resolved        tarball: 'http://registry.npmjs.org/csvtojson/-/csvtojson-0.4.5.tgz' },
39 silly resolved     directories: {},
39 silly resolved     _resolved: 'https://registry.npmjs.org/csvtojson/-/csvtojson-0.4.5.tgz',
39 silly resolved     readme: 'ERROR: No README data found!' } ]
40 info install csvtojson@0.4.5 into /usr/local/lib
41 info installOne csvtojson@0.4.5
42 verbose lib/node_modules/csvtojson unbuild
43 verbose tar unpack /Users/paul/.npm/csvtojson/0.4.5/package.tgz
44 silly lockFile 96159f31-local-lib-node-modules-csvtojson tar:///usr/local/lib/node_modules/csvtojson
45 verbose lock tar:///usr/local/lib/node_modules/csvtojson /Users/paul/.npm/96159f31-local-lib-node-modules-csvtojson.lock
46 silly lockFile 885932ff--npm-csvtojson-0-4-5-package-tgz tar:///Users/paul/.npm/csvtojson/0.4.5/package.tgz
47 verbose lock tar:///Users/paul/.npm/csvtojson/0.4.5/package.tgz /Users/paul/.npm/885932ff--npm-csvtojson-0-4-5-package-tgz.lock
48 silly gunzTarPerm modes [ '755', '644' ]
49 error Error: EACCES, mkdir '/usr/local/lib/node_modules/csvtojson'
49 error  { [Error: EACCES, mkdir '/usr/local/lib/node_modules/csvtojson']
49 error   errno: 3,
49 error   code: 'EACCES',
49 error   path: '/usr/local/lib/node_modules/csvtojson',
49 error   fstream_type: 'Directory',
49 error   fstream_path: '/usr/local/lib/node_modules/csvtojson',
49 error   fstream_class: 'DirWriter',
49 error   fstream_stack:
49 error    [ '/usr/local/lib/node_modules/npm/node_modules/fstream/lib/dir-writer.js:36:23',
49 error      '/usr/local/lib/node_modules/npm/node_modules/mkdirp/index.js:46:53',
49 error      'Object.oncomplete (fs.js:108:15)' ] }
50 error Please try running this command again as root/Administrator.
51 error System Darwin 14.0.0
52 error command "node" "/usr/local/bin/npm" "install" "-g" "csvtojson"
53 error cwd /Users/paul/dataBlitz/workspace/plumberContainRouter/implementations
54 error node -v v0.10.34
55 error npm -v 1.4.28
56 error path /usr/local/lib/node_modules/csvtojson
57 error fstream_path /usr/local/lib/node_modules/csvtojson
58 error fstream_type Directory
59 error fstream_class DirWriter
60 error code EACCES
61 error errno 3
62 error stack Error: EACCES, mkdir '/usr/local/lib/node_modules/csvtojson'
63 error fstream_stack /usr/local/lib/node_modules/npm/node_modules/fstream/lib/dir-writer.js:36:23
63 error fstream_stack /usr/local/lib/node_modules/npm/node_modules/mkdirp/index.js:46:53
63 error fstream_stack Object.oncomplete (fs.js:108:15)
64 verbose exit [ 3, true ]
